<?xml version="1.0" encoding="UTF-8"?>
<testng-results ignored="0" total="2" passed="2" failed="0" skipped="0">
  <reporter-output>
  </reporter-output>
  <suite started-at="2023-10-03T12:32:14 IST" name="SeleniumFramework" finished-at="2023-10-03T12:33:18 IST" duration-ms="64325">
    <groups>
    </groups>
    <test started-at="2023-10-03T12:32:14 IST" name="Insurance Tests" finished-at="2023-10-03T12:33:18 IST" duration-ms="64325">
      <class name="com.app.testCases.TC_RequestQutoation_001">
        <test-method is-config="true" signature="setUp(java.lang.String)[pri:0, instance:com.app.testCases.TC_RequestQutoation_001@3a93b025]" started-at="2023-10-03T12:32:52 IST" name="setUp" finished-at="2023-10-03T12:33:04 IST" duration-ms="12245" status="PASS">
          <params>
            <param index="0">
              <value>
                <![CDATA[chrome]]>
              </value>
            </param>
          </params>
          <reporter-output>
          </reporter-output>
        </test-method> <!-- setUp -->
        <test-method signature="requestQuotation()[pri:0, instance:com.app.testCases.TC_RequestQutoation_001@3a93b025]" started-at="2023-10-03T12:33:04 IST" name="requestQuotation" finished-at="2023-10-03T12:33:18 IST" duration-ms="13236" status="PASS">
          <reporter-output>
          </reporter-output>
        </test-method> <!-- requestQuotation -->
        <test-method is-config="true" signature="tearDown()[pri:0, instance:com.app.testCases.TC_RequestQutoation_001@3a93b025]" started-at="2023-10-03T12:33:18 IST" name="tearDown" finished-at="2023-10-03T12:33:18 IST" duration-ms="729" status="PASS">
          <reporter-output>
          </reporter-output>
        </test-method> <!-- tearDown -->
      </class> <!-- com.app.testCases.TC_RequestQutoation_001 -->
      <class name="com.app.testCases.TC_LoginTest_001">
        <test-method is-config="true" signature="setUp(java.lang.String)[pri:0, instance:com.app.testCases.TC_LoginTest_001@16293aa2]" started-at="2023-10-03T12:32:14 IST" name="setUp" finished-at="2023-10-03T12:32:47 IST" duration-ms="32625" status="PASS">
          <params>
            <param index="0">
              <value>
                <![CDATA[chrome]]>
              </value>
            </param>
          </params>
          <reporter-output>
          </reporter-output>
        </test-method> <!-- setUp -->
        <test-method signature="loginTest()[pri:0, instance:com.app.testCases.TC_LoginTest_001@16293aa2]" started-at="2023-10-03T12:32:47 IST" name="loginTest" finished-at="2023-10-03T12:32:51 IST" duration-ms="4195" status="PASS">
          <reporter-output>
          </reporter-output>
        </test-method> <!-- loginTest -->
        <test-method is-config="true" signature="tearDown()[pri:0, instance:com.app.testCases.TC_LoginTest_001@16293aa2]" started-at="2023-10-03T12:32:51 IST" name="tearDown" finished-at="2023-10-03T12:32:52 IST" duration-ms="859" status="PASS">
          <reporter-output>
          </reporter-output>
        </test-method> <!-- tearDown -->
      </class> <!-- com.app.testCases.TC_LoginTest_001 -->
    </test> <!-- Insurance Tests -->
  </suite> <!-- SeleniumFramework -->
</testng-results>
